<?xml version="1.0" encoding="UTF-8"?>
<!-- Generated by org.testng.reporters.JUnitReportReporter -->
<testsuite hostname="DESKTOP-TAL6K7K" failures="0" tests="1" name="Package1.SeleniumProject.TestCase4" time="23.640" errors="0" timestamp="2024-07-07T00:43:12 IST" skipped="0">
  <testcase classname="Package1.SeleniumProject.TestCase4" name="login_to_Search" time="23.640"/>
  <system-out/>
</testsuite> <!-- Package1.SeleniumProject.TestCase4 -->
