<?xml version="1.0" encoding="UTF-8"?>
<!-- Generated by org.testng.reporters.JUnitReportReporter -->
<testsuite hostname="DESKTOP-TAL6K7K" failures="0" tests="1" name="Project_1.TestCase4" time="14.530" errors="0" timestamp="2024-07-19T02:32:45 IST" skipped="0">
  <testcase classname="Project_1.TestCase4" name="login_to_Search" time="14.530"/>
  <system-out/>
</testsuite> <!-- Project_1.TestCase4 -->
