<?xml version="1.0" encoding="UTF-8"?>
<!-- Generated by org.testng.reporters.JUnitReportReporter -->
<testsuite hostname="DESKTOP-TAL6K7K" failures="0" tests="1" name="Package1.SeleniumProject.TestCase5" time="25.392" errors="0" timestamp="2024-07-07T01:43:10 IST" skipped="0">
  <testcase classname="Package1.SeleniumProject.TestCase5" name="login_to_Search" time="25.392"/>
  <system-out/>
</testsuite> <!-- Package1.SeleniumProject.TestCase5 -->
