<?xml version="1.0" encoding="UTF-8"?>
<!-- Generated by org.testng.reporters.JUnitReportReporter -->
<testsuite hostname="DESKTOP-TAL6K7K" failures="0" tests="1" name="Project_1.TestCase2" time="8.005" errors="0" timestamp="2024-07-13T22:06:33 IST" skipped="0">
  <testcase classname="Project_1.TestCase2" name="login_to_Search" time="8.005"/>
  <system-out/>
</testsuite> <!-- Project_1.TestCase2 -->
