<?xml version="1.0" encoding="UTF-8"?>
<!-- Generated by org.testng.reporters.JUnitReportReporter -->
<testsuite hostname="DESKTOP-TAL6K7K" failures="0" tests="1" name="Package1.SeleniumProject.TestCase2" time="11.357" errors="0" timestamp="2024-07-07T01:07:56 IST" skipped="0">
  <testcase classname="Package1.SeleniumProject.TestCase2" name="login_to_Search" time="11.357"/>
  <system-out/>
</testsuite> <!-- Package1.SeleniumProject.TestCase2 -->
