<?xml version="1.0" encoding="UTF-8"?>
<!-- Generated by org.testng.reporters.JUnitReportReporter -->
<testsuite hostname="DESKTOP-TAL6K7K" failures="0" tests="1" name="Package1.SeleniumProject.TestCase1" time="10.953" errors="0" timestamp="2024-07-07T01:05:32 IST" skipped="0">
  <testcase classname="Package1.SeleniumProject.TestCase1" name="login_to_Search" time="10.953"/>
  <system-out/>
</testsuite> <!-- Package1.SeleniumProject.TestCase1 -->
