<?xml version="1.0" encoding="UTF-8"?>
<!-- Generated by org.testng.reporters.JUnitReportReporter -->
<testsuite hostname="DESKTOP-TAL6K7K" failures="0" tests="1" name="Project_1.Testcase5" time="13.006" errors="0" timestamp="2024-07-13T23:40:08 IST" skipped="0">
  <testcase classname="Project_1.Testcase5" name="login_to_Search" time="13.006"/>
  <system-out/>
</testsuite> <!-- Project_1.Testcase5 -->
